<?xml version="1.0" encoding="UTF-8"?>
<!-- Generated by org.testng.reporters.JUnitReportReporter -->
<testsuite hostname="DESKTOP-ARO6JIC" failures="0" tests="1" name="testscript.Registration" time="14.084" errors="0" timestamp="2019-12-23T16:16:53 CST" skipped="0">
  <testcase classname="testscript.Registration" name="newuserRegistration" time="14.084"/>
</testsuite> <!-- testscript.Registration -->
