<?xml version="1.0" encoding="UTF-8"?>
<!-- Generated by org.testng.reporters.JUnitReportReporter -->
<testsuite hostname="DESKTOP-ARO6JIC" failures="0" tests="1" name="testscript.gittest" time="0.025" errors="0" timestamp="2020-04-02T19:44:39 CDT" skipped="0">
  <testcase classname="testscript.gittest" name="test" time="0.025"/>
</testsuite> <!-- testscript.gittest -->
