<?xml version="1.0" encoding="UTF-8"?>
<!-- Generated by org.testng.reporters.JUnitReportReporter -->
<testsuite hostname="DESKTOP-ARO6JIC" failures="0" tests="1" name="testscript.HomepageValidation" time="0.029" errors="0" timestamp="2020-01-04T19:38:06 CST" skipped="0">
  <testcase classname="testscript.HomepageValidation" name="homepageValidation" time="0.029"/>
</testsuite> <!-- testscript.HomepageValidation -->
