<?xml version="1.0" encoding="UTF-8"?>
<!-- Generated by org.testng.reporters.JUnitReportReporter -->
<testsuite hostname="DESKTOP-ARO6JIC" failures="0" tests="1" name="testscript.login" time="12.941" errors="0" timestamp="2020-01-04T22:59:51 CST" skipped="0">
  <testcase classname="testscript.login" name="userLogin" time="12.941"/>
</testsuite> <!-- testscript.login -->
